<component name="libraryTable">
  <library name="junit-jupiter-api-5.9.3">
    <CLASSES />
    <JAVADOC />
    <SOURCES />
  </library>
</component>